INFO:root:Resolving input path: c:\Users\felip\OneDrive\Documentos\desafio\Otomatika-RPA-Challenge-\Otomatika\devdata\work-items-in\test\work-items.json
INFO:RPA.core.webdriver:Downloaded webdriver to: C:\Users\felip\AppData\Local\robocorp\webdrivers\.wdm\drivers\chromedriver\win64\126.0.6478.126\chromedriver-win32/chromedriver.exe
INFO:RPA.Browser.Selenium:Webdriver version taken into use: ChromeDriver 126.0.6478.126 (d36ace6122e0a59570e258d82441395206d60e1c-refs/branch-heads/6478@{#1591})

INFO:RobotFramework:Creating an instance of the Chrome WebDriver.
INFO:RPA.Browser.Selenium:Created Chrome browser (version 126.0.6478) with arguments: --disable-dev-shm-usage --disable-web-security --allow-running-insecure-content --no-sandbox
INFO:RobotFramework:<p>Attempted combinations:</p><div class="doc"><table><tr><th>Browser</th><th>Download</th><th>Error</th></tr><tr><td>Chrome</td><td>False</td><td>Message: Webdriver executable 'chromedriver' is not in PATH (with disabled Selenium Manager)
</td></tr><tr><td>Chrome</td><td>True</td><td></td></tr></table></div>
INFO:RobotFramework:Opening url 'https://www.latimes.com'
INFO:RobotFramework:Clicking button 'xpath://button[@data-element="search-button"]'.
INFO:RobotFramework:Typing text 'robot' into text field 'xpath://input[@data-element="search-form-input"]'.
INFO:RobotFramework:Clicking button 'xpath://button[@data-element="search-submit-button"]'.
INFO:RobotFramework:Ran with keyword <b>Element Should Be Visible</b> which returned error: <i>Element with locator 'css:button.button filters-open-button' not found.</i>
WARNING:root:Filter button not found
INFO:RobotFramework:Clicking button 'xpath://button[@class="button see-all-button" and @data-toggle-trigger="see-all"]'.
INFO:RobotFramework:Clicking element '<selenium.webdriver.remote.webelement.WebElement (session="de861315fc982142e8a66465e41c784e", element="f.4B0BFF1F63755658CB851E12FEE8C84C.d.C8AE1EFAF466826E7F4482827B0E0148.e.9734")>'.
INFO:RobotFramework:Selecting options from selection list 'xpath://select[@class="select-input"]' by value 1.
INFO:root:Getting news...
INFO:root:Max pages: 10
INFO:root:Loading news...
INFO:root:Creating output folder...
INFO:root:Saving news on excel...
INFO:root:Downloading image: https://ca-times.brightspotcdn.com/dims4/default/5925ba5/2147483647/strip/true/crop/1611x1074+178+0/resize/840x560!/quality/75/?url=https%3A%2F%2Fcalifornia-times-brightspot.s3.amazonaws.com%2F20%2F66%2F025fe5914a91a14bcd7e24dc8443%2Fla-me-bus-standoff.jpg
INFO:RPA.HTTP:Creating a new HTTP session
INFO:RobotFramework:Creating Session using : alias=rpasession_alias.httpsca-times.brightspotcdn.com, url=https://ca-times.brightspotcdn.com, headers={},                     cookies={}, auth=None, timeout=None, proxies=None, verify=True,                     debug=0 
INFO:root:Downloading image: https://ca-times.brightspotcdn.com/dims4/default/1b09617/2147483647/strip/true/crop/3174x2116+108+0/resize/840x560!/quality/75/?url=https%3A%2F%2Fcalifornia-times-brightspot.s3.amazonaws.com%2Fcd%2F5a%2F6beca868465b87d5a4411a9f9667%2F3055713-me-dmv-kkn-4619-copy.jpg
INFO:RPA.HTTP:Using already existing HTTP session
INFO:root:Downloading image: https://ca-times.brightspotcdn.com/dims4/default/3a6105f/2147483647/strip/true/crop/6000x4000+0+0/resize/840x560!/quality/75/?url=https%3A%2F%2Fcalifornia-times-brightspot.s3.amazonaws.com%2Fde%2F46%2F264c30a7432396c202dad269353a%2Fla-photos-1staff-836849-na-pol-0908-vp-oakland-newsom-recall-kkn-20366.JPG
INFO:RPA.HTTP:Using already existing HTTP session
INFO:root:Downloading image: https://ca-times.brightspotcdn.com/dims4/default/380ebcc/2147483647/strip/true/crop/4800x3200+0+23/resize/840x560!/quality/75/?url=https%3A%2F%2Fcalifornia-times-brightspot.s3.amazonaws.com%2F16%2Ff1%2Fd073c7fa44b689eaee4880918a69%2F1232594-me-lausd-acceleration-days006-ls.jpg
INFO:RPA.HTTP:Using already existing HTTP session
INFO:root:Downloading image: https://ca-times.brightspotcdn.com/dims4/default/97a1ea5/2147483647/strip/true/crop/1850x1233+0+51/resize/840x560!/quality/75/?url=https%3A%2F%2Fcalifornia-times-brightspot.s3.amazonaws.com%2F21%2F89%2F621616aa4611a13c8e8358f2ccc1%2Fla-na-san-francisco-house001.jpg
INFO:RPA.HTTP:Using already existing HTTP session
INFO:root:Downloading image: https://ca-times.brightspotcdn.com/dims4/default/beb34c4/2147483647/strip/true/crop/1620x1080+150+0/resize/840x560!/quality/75/?url=https%3A%2F%2Fcalifornia-times-brightspot.s3.amazonaws.com%2F3a%2Fe9%2Ff0475c1f4ef399e5524407104488%2Fsnw-mario-kart-ride-at-ush.jpg
INFO:RPA.HTTP:Using already existing HTTP session
INFO:root:Downloading image: https://ca-times.brightspotcdn.com/dims4/default/eef5181/2147483647/strip/true/crop/3052x2035+0+1/resize/840x560!/quality/75/?url=https%3A%2F%2Fcalifornia-times-brightspot.s3.amazonaws.com%2F96%2Fee%2F11fb540a46bca6b0634420cf3889%2Fla-me-fsd-tesla-police-crash.JPG
INFO:RPA.HTTP:Using already existing HTTP session
INFO:RPA.Excel.Files:Closing workbook: <RPA.Excel.Files.XlsxWorkbook object at 0x000002015795B2B0>
INFO:root:Resolving input path: c:\Users\felip\OneDrive\Documentos\desafio\Otomatika-RPA-Challenge-\Otomatika\devdata\work-items-in\test\work-items.json
INFO:RPA.core.webdriver:Downloaded webdriver to: C:\Users\felip\AppData\Local\robocorp\webdrivers\.wdm\drivers\chromedriver\win64\126.0.6478.126\chromedriver-win32/chromedriver.exe
INFO:RPA.Browser.Selenium:Webdriver version taken into use: ChromeDriver 126.0.6478.126 (d36ace6122e0a59570e258d82441395206d60e1c-refs/branch-heads/6478@{#1591})

INFO:RobotFramework:Creating an instance of the Chrome WebDriver.
INFO:RPA.Browser.Selenium:Created Chrome browser (version 126.0.6478) with arguments: --disable-dev-shm-usage --disable-web-security --allow-running-insecure-content --no-sandbox
INFO:RobotFramework:<p>Attempted combinations:</p><div class="doc"><table><tr><th>Browser</th><th>Download</th><th>Error</th></tr><tr><td>Chrome</td><td>False</td><td>Message: Webdriver executable 'chromedriver' is not in PATH (with disabled Selenium Manager)
</td></tr><tr><td>Chrome</td><td>True</td><td></td></tr></table></div>
INFO:RobotFramework:Opening url 'https://www.latimes.com'
INFO:RobotFramework:Clicking button 'xpath://button[@data-element="search-button"]'.
INFO:RobotFramework:Typing text 'robot' into text field 'xpath://input[@data-element="search-form-input"]'.
ERROR:root:Error: Message: element not interactable
  (Session info: chrome=126.0.6478.127)
Stacktrace:
	GetHandleVerifier [0x003CC1C3+27395]
	(No symbol) [0x00363DC4]
	(No symbol) [0x002619FD]
	(No symbol) [0x0029A943]
	(No symbol) [0x002C399C]
	(No symbol) [0x00298C15]
	(No symbol) [0x002C3C34]
	(No symbol) [0x002DCB24]
	(No symbol) [0x002C3736]
	(No symbol) [0x00297541]
	(No symbol) [0x002980BD]
	GetHandleVerifier [0x00683A93+2876371]
	GetHandleVerifier [0x006D7F5D+3221661]
	GetHandleVerifier [0x0044D634+556916]
	GetHandleVerifier [0x0045474C+585868]
	(No symbol) [0x0036CE04]
	(No symbol) [0x00369818]
	(No symbol) [0x003699B7]
	(No symbol) [0x0035BF0E]
	BaseThreadInitThunk [0x75907BA9+25]
	RtlInitializeExceptionChain [0x778EC10B+107]
	RtlClearBits [0x778EC08F+191]

INFO:RobotFramework:Ran with keyword <b>Element Should Be Visible</b> which returned error: <i>Element with locator 'css:button.button filters-open-button' not found.</i>
WARNING:root:Filter button not found
INFO:RobotFramework:Clicking button 'xpath://button[@class="button see-all-button" and @data-toggle-trigger="see-all"]'.
ERROR:root:Error on set_filter: Button with locator 'xpath://button[@class="button see-all-button" and @data-toggle-trigger="see-all"]' not found.
INFO:RobotFramework:Selecting options from selection list 'xpath://select[@class="select-input"]' by value 1.
ERROR:root:Error: List with locator 'xpath://select[@class="select-input"]' not found.
ERROR:root:Error: Element 'css:div.search-results-module-page-counts' not visible after 5 seconds.
INFO:root:Getting news...
INFO:root:Max pages: 10
ERROR:root:Error: Element 'css:ul.search-results-module-results-menu' not visible after 5 seconds.
INFO:root:Creating output folder...
INFO:root:Saving news on excel...
INFO:RPA.Excel.Files:Closing workbook: <RPA.Excel.Files.XlsxWorkbook object at 0x000001BAAECD9DE0>
INFO:root:Resolving input path: c:\Users\felip\OneDrive\Documentos\desafio\Otomatika-RPA-Challenge-\Otomatika\devdata\work-items-in\test\work-items.json
INFO:RPA.core.webdriver:Downloaded webdriver to: C:\Users\felip\AppData\Local\robocorp\webdrivers\.wdm\drivers\chromedriver\win64\126.0.6478.126\chromedriver-win32/chromedriver.exe
INFO:RPA.Browser.Selenium:Webdriver version taken into use: ChromeDriver 126.0.6478.126 (d36ace6122e0a59570e258d82441395206d60e1c-refs/branch-heads/6478@{#1591})

INFO:RobotFramework:Creating an instance of the Chrome WebDriver.
INFO:RPA.Browser.Selenium:Created Chrome browser (version 126.0.6478) with arguments: --disable-dev-shm-usage --disable-web-security --allow-running-insecure-content --no-sandbox
INFO:RobotFramework:<p>Attempted combinations:</p><div class="doc"><table><tr><th>Browser</th><th>Download</th><th>Error</th></tr><tr><td>Chrome</td><td>False</td><td>Message: Webdriver executable 'chromedriver' is not in PATH (with disabled Selenium Manager)
</td></tr><tr><td>Chrome</td><td>True</td><td></td></tr></table></div>
INFO:RobotFramework:Opening url 'https://www.latimes.com'
INFO:RobotFramework:Clicking button 'xpath://button[@data-element="search-button"]'.
INFO:RobotFramework:Typing text 'robot' into text field 'xpath://input[@data-element="search-form-input"]'.
INFO:RobotFramework:Clicking button 'xpath://button[@data-element="search-submit-button"]'.
INFO:RobotFramework:Ran with keyword <b>Element Should Be Visible</b> which returned error: <i>Element with locator 'css:button.button filters-open-button' not found.</i>
WARNING:root:Filter button not found
INFO:RobotFramework:Clicking button 'xpath://button[@class="button see-all-button" and @data-toggle-trigger="see-all"]'.
INFO:RobotFramework:Clicking element '<selenium.webdriver.remote.webelement.WebElement (session="7c47c2839f3837005afbe5c117e4cb6e", element="f.8C1352836094D71594BDB2DE05A4AC0B.d.43E633748F449BDB37772719C519BF85.e.10161")>'.
INFO:RobotFramework:Selecting options from selection list 'xpath://select[@class="select-input"]' by value 1.
INFO:root:Getting news...
INFO:root:Max pages: 10
INFO:root:Loading news...
INFO:root:Saving news on excel...
INFO:root:Downloading image: https://ca-times.brightspotcdn.com/dims4/default/5925ba5/2147483647/strip/true/crop/1611x1074+178+0/resize/840x560!/quality/75/?url=https%3A%2F%2Fcalifornia-times-brightspot.s3.amazonaws.com%2F20%2F66%2F025fe5914a91a14bcd7e24dc8443%2Fla-me-bus-standoff.jpg
ERROR:root:Error: write() argument must be str, not bytes
INFO:root:Downloading image: https://ca-times.brightspotcdn.com/dims4/default/1b09617/2147483647/strip/true/crop/3174x2116+108+0/resize/840x560!/quality/75/?url=https%3A%2F%2Fcalifornia-times-brightspot.s3.amazonaws.com%2Fcd%2F5a%2F6beca868465b87d5a4411a9f9667%2F3055713-me-dmv-kkn-4619-copy.jpg
ERROR:root:Error: write() argument must be str, not bytes
INFO:root:Downloading image: https://ca-times.brightspotcdn.com/dims4/default/3a6105f/2147483647/strip/true/crop/6000x4000+0+0/resize/840x560!/quality/75/?url=https%3A%2F%2Fcalifornia-times-brightspot.s3.amazonaws.com%2Fde%2F46%2F264c30a7432396c202dad269353a%2Fla-photos-1staff-836849-na-pol-0908-vp-oakland-newsom-recall-kkn-20366.JPG
ERROR:root:Error: write() argument must be str, not bytes
INFO:root:Downloading image: https://ca-times.brightspotcdn.com/dims4/default/380ebcc/2147483647/strip/true/crop/4800x3200+0+23/resize/840x560!/quality/75/?url=https%3A%2F%2Fcalifornia-times-brightspot.s3.amazonaws.com%2F16%2Ff1%2Fd073c7fa44b689eaee4880918a69%2F1232594-me-lausd-acceleration-days006-ls.jpg
ERROR:root:Error: write() argument must be str, not bytes
INFO:root:Downloading image: https://ca-times.brightspotcdn.com/dims4/default/97a1ea5/2147483647/strip/true/crop/1850x1233+0+51/resize/840x560!/quality/75/?url=https%3A%2F%2Fcalifornia-times-brightspot.s3.amazonaws.com%2F21%2F89%2F621616aa4611a13c8e8358f2ccc1%2Fla-na-san-francisco-house001.jpg
ERROR:root:Error: write() argument must be str, not bytes
INFO:root:Downloading image: https://ca-times.brightspotcdn.com/dims4/default/beb34c4/2147483647/strip/true/crop/1620x1080+150+0/resize/840x560!/quality/75/?url=https%3A%2F%2Fcalifornia-times-brightspot.s3.amazonaws.com%2F3a%2Fe9%2Ff0475c1f4ef399e5524407104488%2Fsnw-mario-kart-ride-at-ush.jpg
ERROR:root:Error: write() argument must be str, not bytes
INFO:root:Downloading image: https://ca-times.brightspotcdn.com/dims4/default/eef5181/2147483647/strip/true/crop/3052x2035+0+1/resize/840x560!/quality/75/?url=https%3A%2F%2Fcalifornia-times-brightspot.s3.amazonaws.com%2F96%2Fee%2F11fb540a46bca6b0634420cf3889%2Fla-me-fsd-tesla-police-crash.JPG
ERROR:root:Error: write() argument must be str, not bytes
INFO:RPA.Excel.Files:Closing workbook: <RPA.Excel.Files.XlsxWorkbook object at 0x000001BC9F4084F0>
INFO:root:Resolving input path: c:\Users\felip\OneDrive\Documentos\desafio\Otomatika-RPA-Challenge-\Otomatika\devdata\work-items-in\test\work-items.json
INFO:RPA.core.webdriver:Downloaded webdriver to: C:\Users\felip\AppData\Local\robocorp\webdrivers\.wdm\drivers\chromedriver\win64\126.0.6478.126\chromedriver-win32/chromedriver.exe
INFO:RPA.Browser.Selenium:Webdriver version taken into use: ChromeDriver 126.0.6478.126 (d36ace6122e0a59570e258d82441395206d60e1c-refs/branch-heads/6478@{#1591})

INFO:RobotFramework:Creating an instance of the Chrome WebDriver.
INFO:RPA.Browser.Selenium:Created Chrome browser (version 126.0.6478) with arguments: --disable-dev-shm-usage --disable-web-security --allow-running-insecure-content --no-sandbox
INFO:RobotFramework:<p>Attempted combinations:</p><div class="doc"><table><tr><th>Browser</th><th>Download</th><th>Error</th></tr><tr><td>Chrome</td><td>False</td><td>Message: Webdriver executable 'chromedriver' is not in PATH (with disabled Selenium Manager)
</td></tr><tr><td>Chrome</td><td>True</td><td></td></tr></table></div>
INFO:RobotFramework:Opening url 'https://www.latimes.com'
INFO:RobotFramework:Clicking button 'xpath://button[@data-element="search-button"]'.
INFO:RobotFramework:Typing text 'robot' into text field 'xpath://input[@data-element="search-form-input"]'.
INFO:RobotFramework:Clicking button 'xpath://button[@data-element="search-submit-button"]'.
INFO:RobotFramework:Ran with keyword <b>Element Should Be Visible</b> which returned error: <i>Element with locator 'css:button.button filters-open-button' not found.</i>
WARNING:root:Filter button not found
INFO:RobotFramework:Clicking button 'xpath://button[@class="button see-all-button" and @data-toggle-trigger="see-all"]'.
INFO:RobotFramework:Clicking element '<selenium.webdriver.remote.webelement.WebElement (session="101125241041064f778f877d5d955663", element="f.576870E25FE073A2AA0672CD73E9B848.d.7C4DD7B9FAE6C088B7E112540ABC9D60.e.9837")>'.
INFO:RobotFramework:Selecting options from selection list 'xpath://select[@class="select-input"]' by value 1.
ERROR:root:Error: Element 'xpath://option[@value="1" and @selected="selected"]' did not appear in 5 seconds.
INFO:root:Getting news...
INFO:root:Max pages: 10
INFO:root:Loading news...
INFO:RobotFramework:Element '//div[@class="search-results-module-next-page"]' is displayed.
INFO:RobotFramework:Clicking element '<selenium.webdriver.remote.webelement.WebElement (session="101125241041064f778f877d5d955663", element="f.576870E25FE073A2AA0672CD73E9B848.d.7C4DD7B9FAE6C088B7E112540ABC9D60.e.15902")>'.
INFO:root:Loading news...
INFO:RobotFramework:Element '//div[@class="search-results-module-next-page"]' is displayed.
INFO:RobotFramework:Clicking element '<selenium.webdriver.remote.webelement.WebElement (session="101125241041064f778f877d5d955663", element="f.576870E25FE073A2AA0672CD73E9B848.d.63DD364330E2C97267E67E540CB35A08.e.19260")>'.
INFO:root:Loading news...
INFO:RobotFramework:Element '//div[@class="search-results-module-next-page"]' is displayed.
INFO:RobotFramework:Clicking element '<selenium.webdriver.remote.webelement.WebElement (session="101125241041064f778f877d5d955663", element="f.576870E25FE073A2AA0672CD73E9B848.d.C516E46B1012FF615D7256CB3E8B9D27.e.23401")>'.
INFO:root:Loading news...
INFO:RobotFramework:Element '//div[@class="search-results-module-next-page"]' is displayed.
INFO:RobotFramework:Clicking element '<selenium.webdriver.remote.webelement.WebElement (session="101125241041064f778f877d5d955663", element="f.576870E25FE073A2AA0672CD73E9B848.d.C41BA48A42B224A0F312325317E2933E.e.27326")>'.
INFO:root:Loading news...
ERROR:root:Error: time data 'Sept 15, 2016' does not match format '%B %d, %Y'
ERROR:root:Error on find_element: Message: no such element: Unable to locate element: {"method":"css selector","selector":".promo-description"}
  (Session info: chrome=126.0.6478.127); For documentation on this error, please visit: https://www.selenium.dev/documentation/webdriver/troubleshooting/errors#no-such-element-exception
Stacktrace:
	GetHandleVerifier [0x00E7C1C3+27395]
	(No symbol) [0x00E13DC4]
	(No symbol) [0x00D11B7F]
	(No symbol) [0x00D52C65]
	(No symbol) [0x00D52D3B]
	(No symbol) [0x00D48D01]
	(No symbol) [0x00D739E4]
	(No symbol) [0x00D48C15]
	(No symbol) [0x00D73C34]
	(No symbol) [0x00D8CB24]
	(No symbol) [0x00D73736]
	(No symbol) [0x00D47541]
	(No symbol) [0x00D480BD]
	GetHandleVerifier [0x01133A93+2876371]
	GetHandleVerifier [0x01187F5D+3221661]
	GetHandleVerifier [0x00EFD634+556916]
	GetHandleVerifier [0x00F0474C+585868]
	(No symbol) [0x00E1CE04]
	(No symbol) [0x00E19818]
	(No symbol) [0x00E199B7]
	(No symbol) [0x00E0BF0E]
	BaseThreadInitThunk [0x75907BA9+25]
	RtlInitializeExceptionChain [0x778EC10B+107]
	RtlClearBits [0x778EC08F+191]

INFO:RobotFramework:Element '//div[@class="search-results-module-next-page"]' is displayed.
INFO:RobotFramework:Clicking element '<selenium.webdriver.remote.webelement.WebElement (session="101125241041064f778f877d5d955663", element="f.576870E25FE073A2AA0672CD73E9B848.d.271D3968A521A86842B1FCC7F538A320.e.30834")>'.
INFO:root:Loading news...
ERROR:root:Error on find_element: Message: no such element: Unable to locate element: {"method":"css selector","selector":".promo-description"}
  (Session info: chrome=126.0.6478.127); For documentation on this error, please visit: https://www.selenium.dev/documentation/webdriver/troubleshooting/errors#no-such-element-exception
Stacktrace:
	GetHandleVerifier [0x00E7C1C3+27395]
	(No symbol) [0x00E13DC4]
	(No symbol) [0x00D11B7F]
	(No symbol) [0x00D52C65]
	(No symbol) [0x00D52D3B]
	(No symbol) [0x00D48D01]
	(No symbol) [0x00D739E4]
	(No symbol) [0x00D48C15]
	(No symbol) [0x00D73C34]
	(No symbol) [0x00D8CB24]
	(No symbol) [0x00D73736]
	(No symbol) [0x00D47541]
	(No symbol) [0x00D480BD]
	GetHandleVerifier [0x01133A93+2876371]
	GetHandleVerifier [0x01187F5D+3221661]
	GetHandleVerifier [0x00EFD634+556916]
	GetHandleVerifier [0x00F0474C+585868]
	(No symbol) [0x00E1CE04]
	(No symbol) [0x00E19818]
	(No symbol) [0x00E199B7]
	(No symbol) [0x00E0BF0E]
	BaseThreadInitThunk [0x75907BA9+25]
	RtlInitializeExceptionChain [0x778EC10B+107]
	RtlClearBits [0x778EC08F+191]

ERROR:root:Error: time data 'Sept 15, 2016' does not match format '%B %d, %Y'
INFO:RobotFramework:Element '//div[@class="search-results-module-next-page"]' is displayed.
INFO:RobotFramework:Clicking element '<selenium.webdriver.remote.webelement.WebElement (session="101125241041064f778f877d5d955663", element="f.576870E25FE073A2AA0672CD73E9B848.d.7BF351B4E20B538A6E27C83F20604A2C.e.34632")>'.
INFO:root:Loading news...
INFO:RobotFramework:Element '//div[@class="search-results-module-next-page"]' is displayed.
INFO:RobotFramework:Clicking element '<selenium.webdriver.remote.webelement.WebElement (session="101125241041064f778f877d5d955663", element="f.576870E25FE073A2AA0672CD73E9B848.d.49B24DDD2E80B017E6091C60E2095005.e.38230")>'.
INFO:root:Loading news...
ERROR:root:Error: time data 'Sept 30, 2023' does not match format '%B %d, %Y'
INFO:RobotFramework:Element '//div[@class="search-results-module-next-page"]' is displayed.
INFO:RobotFramework:Clicking element '<selenium.webdriver.remote.webelement.WebElement (session="101125241041064f778f877d5d955663", element="f.576870E25FE073A2AA0672CD73E9B848.d.21263D1AB3CABC3C22DA3AD940E65BB4.e.41849")>'.
INFO:root:Loading news...
ERROR:root:Error: time data 'Sept 23, 1998' does not match format '%B %d, %Y'
ERROR:root:Error: time data 'Sept 27, 2023' does not match format '%B %d, %Y'
INFO:RobotFramework:Element '//div[@class="search-results-module-next-page"]' is displayed.
INFO:RobotFramework:Clicking element '<selenium.webdriver.remote.webelement.WebElement (session="101125241041064f778f877d5d955663", element="f.576870E25FE073A2AA0672CD73E9B848.d.2BC3D076C5EFE80B8B5FDAA4BF25D2BD.e.45999")>'.
INFO:root:Creating output folder...
INFO:root:Saving news on excel...
INFO:root:Downloading image: https://ca-times.brightspotcdn.com/dims4/default/5925ba5/2147483647/strip/true/crop/1611x1074+178+0/resize/840x560!/quality/75/?url=https%3A%2F%2Fcalifornia-times-brightspot.s3.amazonaws.com%2F20%2F66%2F025fe5914a91a14bcd7e24dc8443%2Fla-me-bus-standoff.jpg
INFO:root:Downloading image: https://ca-times.brightspotcdn.com/dims4/default/1b09617/2147483647/strip/true/crop/3174x2116+108+0/resize/840x560!/quality/75/?url=https%3A%2F%2Fcalifornia-times-brightspot.s3.amazonaws.com%2Fcd%2F5a%2F6beca868465b87d5a4411a9f9667%2F3055713-me-dmv-kkn-4619-copy.jpg
INFO:root:Downloading image: https://ca-times.brightspotcdn.com/dims4/default/3a6105f/2147483647/strip/true/crop/6000x4000+0+0/resize/840x560!/quality/75/?url=https%3A%2F%2Fcalifornia-times-brightspot.s3.amazonaws.com%2Fde%2F46%2F264c30a7432396c202dad269353a%2Fla-photos-1staff-836849-na-pol-0908-vp-oakland-newsom-recall-kkn-20366.JPG
INFO:root:Downloading image: https://ca-times.brightspotcdn.com/dims4/default/380ebcc/2147483647/strip/true/crop/4800x3200+0+23/resize/840x560!/quality/75/?url=https%3A%2F%2Fcalifornia-times-brightspot.s3.amazonaws.com%2F16%2Ff1%2Fd073c7fa44b689eaee4880918a69%2F1232594-me-lausd-acceleration-days006-ls.jpg
INFO:root:Downloading image: https://ca-times.brightspotcdn.com/dims4/default/97a1ea5/2147483647/strip/true/crop/1850x1233+0+51/resize/840x560!/quality/75/?url=https%3A%2F%2Fcalifornia-times-brightspot.s3.amazonaws.com%2F21%2F89%2F621616aa4611a13c8e8358f2ccc1%2Fla-na-san-francisco-house001.jpg
INFO:root:Downloading image: https://ca-times.brightspotcdn.com/dims4/default/eef5181/2147483647/strip/true/crop/3052x2035+0+1/resize/840x560!/quality/75/?url=https%3A%2F%2Fcalifornia-times-brightspot.s3.amazonaws.com%2F96%2Fee%2F11fb540a46bca6b0634420cf3889%2Fla-me-fsd-tesla-police-crash.JPG
INFO:root:Downloading image: https://ca-times.brightspotcdn.com/dims4/default/beb34c4/2147483647/strip/true/crop/1620x1080+150+0/resize/840x560!/quality/75/?url=https%3A%2F%2Fcalifornia-times-brightspot.s3.amazonaws.com%2F3a%2Fe9%2Ff0475c1f4ef399e5524407104488%2Fsnw-mario-kart-ride-at-ush.jpg
INFO:RPA.Excel.Files:Closing workbook: <RPA.Excel.Files.XlsxWorkbook object at 0x000001D6EFF41330>
